<?xml version="1.0" encoding="UTF-8"?>
<!-- Generated by org.testng.reporters.JUnitReportReporter -->
<testsuite skipped="0" hostname="admin-PC" name="com.infofactors.testcaes.LoginTest" tests="1" failures="0" timestamp="20 Aug 2018 11:58:13 GMT" time="3.815" errors="0">
  <testcase name="loginAsBankManager" time="3.815" classname="com.infofactors.testcaes.LoginTest"/>
</testsuite> <!-- com.infofactors.testcaes.LoginTest -->
