<?xml version="1.0" encoding="UTF-8"?>
<!-- Generated by org.testng.reporters.JUnitReportReporter -->
<testsuite skipped="0" hostname="admin-PC" name="com.infofactors.testcaes.AddCustomerTest" tests="7" failures="0" timestamp="22 Aug 2018 10:55:40 GMT" time="62.881" errors="0">
  <testcase name="addCustomerTest" time="8.978" classname="com.infofactors.testcaes.AddCustomerTest"/>
  <testcase name="addCustomerTest" time="8.622" classname="com.infofactors.testcaes.AddCustomerTest"/>
  <testcase name="addCustomerTest" time="8.734" classname="com.infofactors.testcaes.AddCustomerTest"/>
  <testcase name="addCustomerTest" time="8.955" classname="com.infofactors.testcaes.AddCustomerTest"/>
  <testcase name="addCustomerTest" time="10.188" classname="com.infofactors.testcaes.AddCustomerTest"/>
  <testcase name="addCustomerTest" time="8.712" classname="com.infofactors.testcaes.AddCustomerTest"/>
  <testcase name="addCustomerTest" time="8.692" classname="com.infofactors.testcaes.AddCustomerTest"/>
</testsuite> <!-- com.infofactors.testcaes.AddCustomerTest -->
