<?xml version="1.0" encoding="UTF-8"?>
<!-- Generated by org.testng.reporters.JUnitReportReporter -->
<testsuite skipped="0" hostname="admin-PC" name="com.infofactors.testcaes.OpenAccountTest" tests="1" failures="0" timestamp="22 Aug 2018 10:55:40 GMT" time="3.311" errors="0">
  <testcase name="openAccountTest" time="3.311" classname="com.infofactors.testcaes.OpenAccountTest"/>
</testsuite> <!-- com.infofactors.testcaes.OpenAccountTest -->
