<?xml version="1.0" encoding="UTF-8"?>
<!-- Generated by org.testng.reporters.JUnitReportReporter -->
<testsuite skipped="0" hostname="admin-PC" name="com.infofactors.testcaes.BankManagerLoginTest" tests="1" failures="0" timestamp="22 Aug 2018 10:55:40 GMT" time="3.798" errors="0">
  <testcase name="bankManagerLoginTest" time="3.798" classname="com.infofactors.testcaes.BankManagerLoginTest"/>
</testsuite> <!-- com.infofactors.testcaes.BankManagerLoginTest -->
